make all --print-data-base --no-builtin-variables --no-builtin-rules --question
# GNU Make 3.81
# Copyright (C) 2006  Free Software Foundation, Inc.
# This is free software; see the source for copying conditions.
# There is NO warranty; not even for MERCHANTABILITY or FITNESS FOR A
# PARTICULAR PURPOSE.

# This program built for i386-apple-darwin11.3.0
 
make: *** No rule to make target `all'.  Stop.


# Make data base, printed on Fri Jul 29 09:39:46 2022

# Variables

# automatic
<D = $(patsubst %/,%,$(dir $<))
# automatic
?F = $(notdir $?)
# environment
ELECTRON_NO_ATTACH_CONSOLE = 1
 
# makefile (from `Makefile', line 71)
SDK_QUERY = third_party/proto/cosmos/base/query/v1beta1
# makefile (from `Makefile', line 64)
TM_CRYPTO_TYPES = third_party/proto/tendermint/crypto
# environment
LC_CTYPE = UTF-8
# makefile (from `Makefile', line 4)
DOCKER_BUF := /usr/local/bin/docker run --rm -v /Users/thomasinterchain/cosmos/hackatom-seoul-ws:/workspace --workdir /workspace bufbuild/buf:1.0.0-rc8
# automatic
?D = $(patsubst %/,%,$(dir $?))
# automatic
@D = $(patsubst %/,%,$(dir $@))
# automatic
@F = $(notdir $@)
# makefile
CURDIR := /Users/thomasinterchain/cosmos/hackatom-seoul-ws
# makefile
SHELL = /bin/sh
# environment
VSCODE_NLS_CONFIG = {"locale":"en-gb","availableLanguages":{},"_languagePackSupport":true}
# environment
_ = /usr/bin/make
# makefile (from `Makefile', line 67)
TM_VERSION = third_party/proto/tendermint/version
# makefile (from `Makefile', line 1)
MAKEFILE_LIST :=  Makefile
# makefile (from `Makefile', line 65)
TM_ABCI_TYPES = third_party/proto/tendermint/abci
# environment
VSCODE_AMD_ENTRYPOINT = vs/workbench/api/node/extensionHostProcess
# makefile (from `Makefile', line 40)
containerProtoFmt = cosmos-sdk-proto-fmt-$(containerProtoVer)
# environment
__CFBundleIdentifier = com.microsoft.VSCode
# makefile (from `Makefile', line 75)
GOGO_PROTO_TYPES = third_party/proto/gogoproto
# environment
VSCODE_CWD = /Users/thomasinterchain/cosmos/hackatom-seoul-ws
# environment
GOPROXY = https://proxy.golang.org,direct
# environment
PATH = /usr/local/bin:/usr/bin:/bin:/usr/sbin:/sbin:/usr/local/go/bin:/Users/thomasinterchain/.cargo/bin:/Users/thomasinterchain/go/bin
# makefile (from `Makefile', line 61)
CONFIO_URL = https://raw.githubusercontent.com/confio/ics23/v0.6.3
# makefile (from `Makefile', line 3)
DOCKER := /usr/local/bin/docker
# makefile (from `Makefile', line 62)
SDK_PROTO_URL = https://raw.githubusercontent.com/cosmos/cosmos-sdk/v0.41.0/proto/cosmos
# makefile (from `Makefile', line 69)
TM_P2P = third_party/proto/tendermint/p2p
# environment
GOPATH = /Users/thomasinterchain/go
# environment
LaunchInstanceID = 23247261-E090-46DE-8541-D5732019E241
# environment
ELECTRON_RUN_AS_NODE = 1
# default
.FEATURES := target-specific order-only second-expansion else-if archives jobserver check-symlink
# makefile (from `Makefile', line 59)
TM_URL = https://raw.githubusercontent.com/tendermint/tendermint/v0.34.0-rc6/proto/tendermint
# environment
SSH_AUTH_SOCK = /private/tmp/com.apple.launchd.mts9D2iAj1/Listeners
# automatic
%F = $(notdir $%)
# environment
PWD = /Users/thomasinterchain/cosmos/hackatom-seoul-ws
# environment
ORIGINAL_XDG_CURRENT_DESKTOP = undefined
# environment
GOMODCACHE = /Users/thomasinterchain/go/pkg/mod
# environment
HOME = /Users/thomasinterchain
# default
MAKEFILEPATH = $(shell /usr/bin/xcode-select -print-path 2>/dev/null || echo /Developer)/Makefiles
# environment
VSCODE_CLI = 1
# environment
VSCODE_CODE_CACHE_PATH = /Users/thomasinterchain/Library/Application Support/Code/CachedData/3b889b090b5ad5793f524b5d1d39fda662b96a2a
# environment
LOGNAME = thomasinterchain
# environment
APPLICATION_INSIGHTS_NO_DIAGNOSTIC_CHANNEL = true
# environment
VSCODE_HANDLES_UNCAUGHT_ERRORS = true
# automatic
^D = $(patsubst %/,%,$(dir $^))
# environment
XPC_FLAGS = 0x0
# environment
COLORTERM = truecolor
# default
MAKE = $(MAKE_COMMAND)
# environment
LC_TERMINAL = iTerm2
# makefile (from `Makefile', line 36)
containerProtoVer = v0.2
# environment
SHLVL = 3
# makefile (from `Makefile', line 37)
containerProtoImage = tendermintdev/sdk-proto-gen:$(containerProtoVer)
# default
MAKE_VERSION := 3.81
# environment
USER = thomasinterchain
# makefile
.DEFAULT_GOAL := install
# default
MAKECMDGOALS := all
# environment
TERM_SESSION_ID = w0t0p0:3CBC889B-3EF4-4A11-8CB1-87496DC7A173
# makefile (from `Makefile', line 38)
containerProtoGen = cosmos-sdk-proto-gen-$(containerProtoVer)
# automatic
%D = $(patsubst %/,%,$(dir $%))
# default
MAKE_COMMAND := /Library/Developer/CommandLineTools/usr/bin/make
# environment
TERM_PROGRAM = iTerm.app
# default
.VARIABLES := 
# environment
TMPDIR = /var/folders/9_/gz48c49s5c30nf630lxq_pnm0000gp/T/
# makefile (from `Makefile', line 66)
TM_TYPES = third_party/proto/tendermint/types
# automatic
*F = $(notdir $*)
# environment
VSCODE_IPC_HOOK = /Users/thomasinterchain/Library/Application Support/Code/1.69.2-main.sock
# environment
MallocNanoZone = 0
# makefile
MAKEFLAGS = Rrqp
# makefile (from `Makefile', line 39)
containerProtoGenSwagger = cosmos-sdk-proto-gen-swagger-$(containerProtoVer)
# environment
MFLAGS = -Rrqp
# automatic
*D = $(patsubst %/,%,$(dir $*))
# environment
TERM_PROGRAM_VERSION = 3.4.16
# environment
XPC_SERVICE_NAME = application.com.microsoft.VSCode.51912587.51912594.B0E44D78-0939-4042-8455-85F46AD65793
# environment
LC_TERMINAL_VERSION = 3.4.16
# automatic
+D = $(patsubst %/,%,$(dir $+))
# makefile (from `Makefile', line 76)
CONFIO_TYPES = third_party/proto/confio
# automatic
+F = $(notdir $+)
# environment
ITERM_SESSION_ID = w0t0p0:3CBC889B-3EF4-4A11-8CB1-87496DC7A173
# makefile (from `Makefile', line 2)
PACKAGES = $(shell go list ./...)
# environment
COLORFGBG = 7;0
# environment
__CF_USER_TEXT_ENCODING = 0x1F6:0x0:0x0
# environment
COMMAND_MODE = unix2003
# default
MAKEFILES := 
# automatic
<F = $(notdir $<)
# environment
ITERM_PROFILE = Default
# environment
LC_ALL = C
# makefile (from `Makefile', line 68)
TM_LIBS = third_party/proto/tendermint/libs/bits
# environment
SECURITYSESSIONID = 18781
# automatic
^F = $(notdir $^)
# makefile (from `Makefile', line 60)
GOGO_PROTO_URL = https://raw.githubusercontent.com/regen-network/protobuf/cosmos
# default
SUFFIXES := 
# default
.INCLUDE_DIRS = /usr/local/include
# environment
MAKELEVEL := 0
# makefile (from `Makefile', line 72)
SDK_BASE = third_party/proto/cosmos/base/v1beta1
# environment
LANG = C
# environment
TERM = xterm-256color
# environment
VSCODE_PID = 43707
# makefile (from `Makefile', line 73)
SDK_UPGRADE = third_party/proto/cosmos/upgrade
# variable set hash-table stats:
# Load=99/1024=10%, Rehash=0, Collisions=8/127=6%

# Pattern-specific Variable Values

# No pattern-specific variable values.

# Directories

# . (device 16777221, inode 53114905): 22 files, no impossibilities.

# 22 files, no impossibilities in 1 directories.

# Implicit Rules

# No implicit rules.

# Files

proto-lint:
#  Phony target (prerequisite of .PHONY).
#  Implicit rule search has not been done.
#  File does not exist.
#  File has not been updated.
#  commands to execute (from `Makefile', line 54):
	@$(DOCKER_BUF) lint --error-format=json
	

go.sum: go.mod
#  Implicit rule search has not been done.
#  Modification time never checked.
#  File has not been updated.
#  commands to execute (from `Makefile', line 17):
	@echo "--> Ensure dependencies have not been modified"
	GO111MODULE=on go mod verify
	

# Not a target:
all:
#  Command-line target.
#  Implicit rule search has been done.
#  File does not exist.
#  File has not been updated.
# variable set hash-table stats:
# Load=0/32=0%, Rehash=0, Collisions=0/0=0%

proto-gen:
#  Phony target (prerequisite of .PHONY).
#  Implicit rule search has not been done.
#  File does not exist.
#  File has not been updated.
#  commands to execute (from `Makefile', line 45):
	@echo "Generating Protobuf files"
	$(DOCKER) run --rm -v $(CURDIR):/workspace --workdir /workspace tendermintdev/sdk-proto-gen sh ./scripts/protocgen.sh
	

.PHONY: proto-all proto-gen proto-gen-any proto-swagger-gen proto-format proto-lint proto-check-breaking proto-update-deps
#  Implicit rule search has not been done.
#  Modification time never checked.
#  File has not been updated.

proto-gen-any:
#  Phony target (prerequisite of .PHONY).
#  Implicit rule search has not been done.
#  File does not exist.
#  File has not been updated.

proto-format:
#  Phony target (prerequisite of .PHONY).
#  Implicit rule search has not been done.
#  File does not exist.
#  File has not been updated.
#  commands to execute (from `Makefile', line 49):
	@echo "Formatting Protobuf files"
 
	@if docker ps -a --format '{{.Names}}' | grep -Eq "^${containerProtoFmt}$$"; then docker start -a $(containerProtoFmt); else docker run --name $(containerProtoFmt) -v $(CURDIR):/workspace --workdir /workspace tendermintdev/docker-build-proto \
	find ./ -not -path "./third_party/*" -name "*.proto" -exec clang-format -i {} \; ; fi
	

# Not a target:
.SUFFIXES:
#  Implicit rule search has not been done.
#  Modification time never checked.
#  File has not been updated.

# Not a target:
Makefile:
#  Implicit rule search has been done.
#  Last modified 2022-07-29 09:38:07
#  File has been updated.
#  Successfully updated.
# variable set hash-table stats:
# Load=0/32=0%, Rehash=0, Collisions=0/0=0%

start:
#  Implicit rule search has not been done.
#  Modification time never checked.
#  File has not been updated.
#  commands to execute (from `Makefile', line 138):
	@echo "Starting up test network"
	./network/start.sh
	

test:
#  Implicit rule search has not been done.
#  Modification time never checked.
#  File has not been updated.
#  commands to execute (from `Makefile', line 21):
	@go test -mod=readonly $(PACKAGES) -cover
	

build:
#  Implicit rule search has not been done.
#  Modification time never checked.
#  File has not been updated.
#  commands to execute (from `Makefile', line 29):
	@mkdir -p build
	@go build -o build/icad ./cmd/icad
	

proto-all: proto-format proto-lint proto-gen
#  Phony target (prerequisite of .PHONY).
#  Implicit rule search has not been done.
#  File does not exist.
#  File has not been updated.

start-rly:
#  Implicit rule search has not been done.
#  Modification time never checked.
#  File has not been updated.
#  commands to execute (from `Makefile', line 142):
	./network/hermes/start.sh
	

init-golang-rly: kill-dev install
#  Implicit rule search has not been done.
#  Modification time never checked.
#  File has not been updated.
#  commands to execute (from `Makefile', line 131):
	@echo "Initializing both blockchains..."
	./network/init.sh
	./network/start.sh
	@echo "Initializing relayer..."
	./network/relayer/interchain-acc-config/rly.sh
	

# Not a target:
go.mod:
#  Implicit rule search has not been done.
#  Modification time never checked.
#  File has not been updated.

# Not a target:
.DEFAULT:
#  Implicit rule search has not been done.
#  Modification time never checked.
#  File has not been updated.

proto-update-deps:
#  Phony target (prerequisite of .PHONY).
#  Implicit rule search has not been done.
#  File does not exist.
#  File has not been updated.
#  commands to execute (from `Makefile', line 79):
	@mkdir -p $(GOGO_PROTO_TYPES)
	@curl -sSL $(GOGO_PROTO_URL)/gogoproto/gogo.proto > $(GOGO_PROTO_TYPES)/gogo.proto
	@mkdir -p $(SDK_QUERY)
	@curl -sSL $(SDK_PROTO_URL)/base/query/v1beta1/pagination.proto > $(SDK_QUERY)/pagination.proto
	@mkdir -p $(SDK_BASE)
	@curl -sSL $(SDK_PROTO_URL)/base/v1beta1/coin.proto > $(SDK_BASE)/coin.proto
	@mkdir -p $(SDK_UPGRADE)
	@curl -sSL $(SDK_PROTO_URL)/upgrade/v1beta1/upgrade.proto > $(SDK_UPGRADE)/v1beta1/upgrade.proto
	@mkdir -p $(TM_TYPES)
	@curl -sSL $(TM_URL)/types/types.proto > $(TM_TYPES)/types.proto
	@curl -sSL $(TM_URL)/types/validator.proto > $(TM_TYPES)/validator.proto
	@mkdir -p $(TM_VERSION)
	@curl -sSL $(TM_URL)/version/types.proto > $(TM_VERSION)/types.proto
	@mkdir -p $(TM_LIBS)
	@curl -sSL $(TM_URL)/libs/bits/types.proto > $(TM_LIBS)/types.proto
	@mkdir -p $(TM_CRYPTO_TYPES)
	@curl -sSL $(TM_URL)/crypto/proof.proto > $(TM_CRYPTO_TYPES)/proof.proto
	@curl -sSL $(TM_URL)/crypto/keys.proto > $(TM_CRYPTO_TYPES)/keys.proto
	@mkdir -p $(CONFIO_TYPES)
	@curl -sSL $(CONFIO_URL)/proofs.proto > $(CONFIO_TYPES)/proofs.proto
	@sed -i '4ioption go_package = "github.com/confio/ics23/go";' $(CONFIO_TYPES)/proofs.proto
	

proto-swagger-gen:
#  Phony target (prerequisite of .PHONY).
#  Implicit rule search has not been done.
#  File does not exist.
#  File has not been updated.

init: kill-dev install
#  Implicit rule search has not been done.
#  Modification time never checked.
#  File has not been updated.
#  commands to execute (from `Makefile', line 123):
	@echo "Initializing both blockchains..."
	./network/init.sh
	./network/start.sh
	@echo "Initializing relayer..." 
	./network/hermes/restore-keys.sh
	./network/hermes/create-conn.sh
	

kill-dev:
#  Implicit rule search has not been done.
#  Modification time never checked.
#  File has not been updated.
#  commands to execute (from `Makefile', line 145):
	@echo "Killing icad and removing previous data"
	-@rm -rf ./data
	-@killall icad 2>/dev/null
	

lint:
#  Implicit rule search has not been done.
#  Modification time never checked.
#  File has not been updated.
#  commands to execute (from `Makefile', line 24):
	@echo "--> Running linter"
	@golangci-lint run
	@go mod verify
	

install-debug: go.sum
#  Implicit rule search has not been done.
#  Modification time never checked.
#  File has not been updated.
#  commands to execute (from `Makefile', line 14):
	go build -gcflags="all=-N -l" ./cmd/icad
	

proto-check-breaking:
#  Phony target (prerequisite of .PHONY).
#  Implicit rule search has not been done.
#  File does not exist.
#  File has not been updated.
#  commands to execute (from `Makefile', line 57):
	@$(DOCKER_BUF) breaking --against $(HTTPS_GIT)#branch=main
	

install: go.sum
#  Implicit rule search has not been done.
#  Modification time never checked.
#  File has not been updated.
#  commands to execute (from `Makefile', line 10):
	@echo "--> Installing icad"
	@go install ./cmd/icad
	

# files hash-table stats:
# Load=25/1024=2%, Rehash=0, Collisions=2/55=4%
# VPATH Search Paths

# No `vpath' search paths.

# No general (`VPATH' variable) search path.

# # of strings in strcache: 1
# # of strcache buffers: 1
# strcache size: total = 4096 / max = 4096 / min = 4096 / avg = 4096
# strcache free: total = 4087 / max = 4087 / min = 4087 / avg = 4087

# Finished Make data base on Fri Jul 29 09:39:46 2022

 
